Arguments: 
  C:\Program Files\nodejs\node.exe C:\Users\PIXLERLAB-003\AppData\Roaming\npm\node_modules\yarn\bin\yarn.js add ts-node-dev typescript @types/natural @types/stopward @types/express @types/cors -D

PATH: 
  C:\Program Files\Common Files\Oracle\Java\javapath;C:\Python310\Scripts\;C:\Python310\;C:\Windows\system32;C:\Windows;C:\Windows\System32\Wbem;C:\Windows\System32\WindowsPowerShell\v1.0\;C:\Windows\System32\OpenSSH\;C:\ProgramData\chocolatey\bin;C:\Program Files\OpenJDK\openjdk-8u312-b07\bin;C:\ProgramData\ComposerSetup\bin;C:\Program Files\Git\cmd;C:\sandeepxamp\php;C:\xampp8.1\php;C:\Program Files\nodejs\;C:\Users\PIXLERLAB-003\AppData\Local\Microsoft\WindowsApps;C:\Users\PIXLERLAB-003\AppData\Local\Programs\Microsoft VS Code\bin;C:\Users\PIXLERLAB-003\AppData\Local\Android\Sdk\platform-tools;C:\Users\PIXLERLAB-003\AppData\Local\GitHubDesktop\bin;C:\Users\PIXLERLAB-003\AppData\Roaming\Composer\vendor\bin;C:\Program Files\heroku\bin;C:\Users\PIXLERLAB-003\AppData\Roaming\npm

Yarn version: 
  1.22.19

Node version: 
  16.16.0

Platform: 
  win32 x64

Trace: 
  Error: https://registry.yarnpkg.com/@types%2fstopward: Not found
      at Request.params.callback [as _callback] (C:\Users\PIXLERLAB-003\AppData\Roaming\npm\node_modules\yarn\lib\cli.js:66145:18)
      at Request.self.callback (C:\Users\PIXLERLAB-003\AppData\Roaming\npm\node_modules\yarn\lib\cli.js:140890:22)
      at Request.emit (node:events:527:28)
      at Request.<anonymous> (C:\Users\PIXLERLAB-003\AppData\Roaming\npm\node_modules\yarn\lib\cli.js:141862:10)
      at Request.emit (node:events:527:28)
      at IncomingMessage.<anonymous> (C:\Users\PIXLERLAB-003\AppData\Roaming\npm\node_modules\yarn\lib\cli.js:141784:12)
      at Object.onceWrapper (node:events:641:28)
      at IncomingMessage.emit (node:events:539:35)
      at endReadableNT (node:internal/streams/readable:1345:12)
      at processTicksAndRejections (node:internal/process/task_queues:83:21)

npm manifest: 
  {
    "name": "paltu_services",
    "version": "1.0.0",
    "description": "",
    "main": "index.js",
    "scripts": {
      "test": "echo \"Error: no test specified\" && exit 1"
    },
    "keywords": [],
    "author": "",
    "license": "ISC",
    "dependencies": {
      "express": "^4.18.1"
    }
  }

yarn manifest: 
  No manifest

Lockfile: 
  No lockfile
